<?xml version="1.0" encoding="UTF-8"?>
<!-- Generated by org.testng.reporters.JUnitXMLReporter -->
<testsuite ignored="0" hostname="SwapNik" failures="0" tests="4" name="Default test" time="153.805" errors="0" timestamp="2022-06-19T13:53:15 IST">
  <testcase classname="test.ZerodhaLoginpageTest" name="LoginwihoutCredentials" time="6.532"/>
  <testcase classname="test.ZerodhaLoginpageTest" name="forgotpasswordlinkTest" time="0.333"/>
  <testcase classname="test.ZerodhaLoginpageTest" name="LoginWithValidCredentialTest" time="0.558"/>
  <testcase classname="test.ZerodhaLoginpageTest" name="signuplinkTest" time="0.648"/>
</testsuite> <!-- Default test -->
